Using pre-set license
Built from '2020.3/release' branch; Version is '2020.3.1f1 (77a89f25062f) revision 7841951'; Using compiler version '192528614'; Build Type 'Release'
OS: 'Windows 10 Home; OS build 19042.1237; Version 2009; 64bit' Language: 'de' Physical Memory: 16255 MB
BatchMode: 1, IsHumanControllingUs: 0, StartBugReporterOnCrash: 0, Is64bit: 1, IsPro: 0

 COMMAND LINE ARGUMENTS:
C:\Program Files\Unity\Hub\Editor\2020.3.1f1\Editor\Unity.exe
-adb2
-batchMode
-noUpm
-name
AssetImportWorker0
-projectPath
C:/Users/HTW-FB4/VR_jumpNrun
-logFile
Logs/AssetImportWorker0.log
-srvPort
50596
Successfully changed project path to: C:/Users/HTW-FB4/VR_jumpNrun
C:/Users/HTW-FB4/VR_jumpNrun
Using Asset Import Pipeline V2.
Refreshing native plugins compatible for Editor in 58.17 ms, found 3 plugins.
Preloading 0 native plugins for Editor in 0.00 ms.
Initialize engine version: 2020.3.1f1 (77a89f25062f)
[Subsystems] Discovering subsystems at path C:/Program Files/Unity/Hub/Editor/2020.3.1f1/Editor/Data/Resources/UnitySubsystems
[Subsystems] Discovering subsystems at path C:/Users/HTW-FB4/VR_jumpNrun/Assets
GfxDevice: creating device client; threaded=0
Direct3D:
    Version:  Direct3D 11.0 [level 11.1]
    Renderer: NVIDIA GeForce GTX 1060 (ID=0x1c20)
    Vendor:   
    VRAM:     6052 MB
    Driver:   27.21.14.6618
Initialize mono
Mono path[0] = 'C:/Program Files/Unity/Hub/Editor/2020.3.1f1/Editor/Data/Managed'
Mono path[1] = 'C:/Program Files/Unity/Hub/Editor/2020.3.1f1/Editor/Data/MonoBleedingEdge/lib/mono/unityjit'
Mono config path = 'C:/Program Files/Unity/Hub/Editor/2020.3.1f1/Editor/Data/MonoBleedingEdge/etc'
Using monoOptions --debugger-agent=transport=dt_socket,embedding=1,server=y,suspend=n,address=127.0.0.1:56384
Begin MonoManager ReloadAssembly
Registering precompiled unity dll's ...
Register platform support module: C:/Program Files/Unity/Hub/Editor/2020.3.1f1/Editor/Data/PlaybackEngines/WindowsStandaloneSupport/UnityEditor.WindowsStandalone.Extensions.dll
Registered in 0.002740 seconds.
Native extension for WindowsStandalone target not found
Refreshing native plugins compatible for Editor in 53.56 ms, found 3 plugins.
Preloading 0 native plugins for Editor in 0.00 ms.
Invoked RoslynAnalysisRunner static constructor.
RoslynAnalysisRunner will not be running.
RoslynAnalysisRunner has terminated.
Mono: successfully reloaded assembly
- Completed reload, in  1.521 seconds
Platform modules already initialized, skipping
Registering precompiled user dll's ...
Registered in 0.003869 seconds.
Begin MonoManager ReloadAssembly
Native extension for WindowsStandalone target not found
Refreshing native plugins compatible for Editor in 0.43 ms, found 3 plugins.
Preloading 0 native plugins for Editor in 0.00 ms.
Invoked RoslynAnalysisRunner static constructor.
RoslynAnalysisRunner will not be running.
RoslynAnalysisRunner has terminated.
Mono: successfully reloaded assembly
- Completed reload, in  1.278 seconds
Platform modules already initialized, skipping
========================================================================
Worker process is ready to serve import requests
Launched and connected shader compiler UnityShaderCompiler.exe after 0.07 seconds
Refreshing native plugins compatible for Editor in 0.45 ms, found 3 plugins.
Preloading 0 native plugins for Editor in 0.00 ms.
Unloading 1454 Unused Serialized files (Serialized files now loaded: 0)
System memory in use before: 157.7 MB.
System memory in use after: 157.8 MB.

Unloading 13 unused Assets to reduce memory usage. Loaded Objects now: 1934.
Total: 3.316500 ms (FindLiveObjects: 0.421400 ms CreateObjectMapping: 0.129900 ms MarkObjects: 2.458900 ms  DeleteObjects: 0.304800 ms)

========================================================================
Received Import Request.
  path: Assets/Scenes/RacetrackLevel2.unity
  artifactKey: Guid(ce13107017b1f3547b4bee11834366d8) Importer(815301076,1909f56bfc062723c751e8b465ee728b)
Start importing Assets/Scenes/RacetrackLevel2.unity using Guid(ce13107017b1f3547b4bee11834366d8) Importer(815301076,1909f56bfc062723c751e8b465ee728b)  -> (artifact id: '609c7246ac648f1a41cecf2dfafdf929') in 0.021172 seconds
  Import took 0.024631 seconds .

========================================================================
Received Import Request.
  Time since last request: 9.855200 seconds.
  path: Assets/Scenes/RacetrackLevel1.unity
  artifactKey: Guid(24155047f1182274092a9f8b30dfda3b) Importer(815301076,1909f56bfc062723c751e8b465ee728b)
Start importing Assets/Scenes/RacetrackLevel1.unity using Guid(24155047f1182274092a9f8b30dfda3b) Importer(815301076,1909f56bfc062723c751e8b465ee728b)  -> (artifact id: '64b5be460d6093ac68ae03c7933e45c7') in 0.011367 seconds
  Import took 0.015722 seconds .

========================================================================
Received Import Request.
  Time since last request: 172.400977 seconds.
  path: Assets/Scenes/RacetrackLevel3.unity
  artifactKey: Guid(5b15db767e5a73a47bc866b411d33b20) Importer(815301076,1909f56bfc062723c751e8b465ee728b)
Start importing Assets/Scenes/RacetrackLevel3.unity using Guid(5b15db767e5a73a47bc866b411d33b20) Importer(815301076,1909f56bfc062723c751e8b465ee728b)  -> (artifact id: '09a8e63051cdebc540eb483e49af7f94') in 0.012483 seconds
  Import took 0.016584 seconds .

AssetImportWorkerClient::OnTransportError - code=2 error=End of file
